  pch.cpp
  glad.cpp
  camera.cpp
  color.cpp
  material.cpp
  matrix3x3.cpp
  mymath.cpp
  objloader.cpp
  pg2_opengl.cpp
  structs.cpp
  surface.cpp
  texture.cpp
  triangle.cpp
  tutorials.cpp
  utils.cpp
  vector3.cpp
  vertex.cpp
  Generating code
  78 of 80 functions (97.5%) were compiled, the rest were copied from previous compilation.
    1 functions were new in current compilation
    0 functions had inline decision re-evaluated but remain unchanged
  Finished generating code
  pg2_opengl.vcxproj -> D:\prg\cpp\ComputerGraphics2\pg2_opengl\x64\Release\pg2_opengl.exe
